Determining if the pthread_create exist failed with the following output:
Change Dir: /home/cc/ee106a/fa17/class/ee106a-acn/ros_workspaces/Robo-Delivery/build/CMakeFiles/CMakeTmp

Run Build Command:/usr/bin/make "cmTryCompileExec346389073/fast"
/usr/bin/make -f CMakeFiles/cmTryCompileExec346389073.dir/build.make CMakeFiles/cmTryCompileExec346389073.dir/build
make[1]: Entering directory `/home/cc/ee106a/fa17/class/ee106a-acn/ros_workspaces/Robo-Delivery/build/CMakeFiles/CMakeTmp'
/usr/bin/cmake -E cmake_progress_report /home/cc/ee106a/fa17/class/ee106a-acn/ros_workspaces/Robo-Delivery/build/CMakeFiles/CMakeTmp/CMakeFiles 1
Building C object CMakeFiles/cmTryCompileExec346389073.dir/CheckSymbolExists.c.o
/usr/bin/cc    -o CMakeFiles/cmTryCompileExec346389073.dir/CheckSymbolExists.c.o   -c /home/cc/ee106a/fa17/class/ee106a-acn/ros_workspaces/Robo-Delivery/build/CMakeFiles/CMakeTmp/CheckSymbolExists.c
Linking C executable cmTryCompileExec346389073
/usr/bin/cmake -E cmake_link_script CMakeFiles/cmTryCompileExec346389073.dir/link.txt --verbose=1
/usr/bin/cc       CMakeFiles/cmTryCompileExec346389073.dir/CheckSymbolExists.c.o  -o cmTryCompileExec346389073 -rdynamic 
CMakeFiles/cmTryCompileExec346389073.dir/CheckSymbolExists.c.o: In function `main':
CheckSymbolExists.c:(.text+0x16): undefined reference to `pthread_create'
collect2: error: ld returned 1 exit status
make[1]: *** [cmTryCompileExec346389073] Error 1
make[1]: Leaving directory `/home/cc/ee106a/fa17/class/ee106a-acn/ros_workspaces/Robo-Delivery/build/CMakeFiles/CMakeTmp'
make: *** [cmTryCompileExec346389073/fast] Error 2

File /home/cc/ee106a/fa17/class/ee106a-acn/ros_workspaces/Robo-Delivery/build/CMakeFiles/CMakeTmp/CheckSymbolExists.c:
/* */
#include <pthread.h>

int main(int argc, char** argv)
{
  (void)argv;
#ifndef pthread_create
  return ((int*)(&pthread_create))[argc];
#else
  (void)argc;
  return 0;
#endif
}

Determining if the function pthread_create exists in the pthreads failed with the following output:
Change Dir: /home/cc/ee106a/fa17/class/ee106a-acn/ros_workspaces/Robo-Delivery/build/CMakeFiles/CMakeTmp

Run Build Command:/usr/bin/make "cmTryCompileExec3683872708/fast"
/usr/bin/make -f CMakeFiles/cmTryCompileExec3683872708.dir/build.make CMakeFiles/cmTryCompileExec3683872708.dir/build
make[1]: Entering directory `/home/cc/ee106a/fa17/class/ee106a-acn/ros_workspaces/Robo-Delivery/build/CMakeFiles/CMakeTmp'
/usr/bin/cmake -E cmake_progress_report /home/cc/ee106a/fa17/class/ee106a-acn/ros_workspaces/Robo-Delivery/build/CMakeFiles/CMakeTmp/CMakeFiles 1
Building C object CMakeFiles/cmTryCompileExec3683872708.dir/CheckFunctionExists.c.o
/usr/bin/cc   -DCHECK_FUNCTION_EXISTS=pthread_create   -o CMakeFiles/cmTryCompileExec3683872708.dir/CheckFunctionExists.c.o   -c /usr/share/cmake-2.8/Modules/CheckFunctionExists.c
Linking C executable cmTryCompileExec3683872708
/usr/bin/cmake -E cmake_link_script CMakeFiles/cmTryCompileExec3683872708.dir/link.txt --verbose=1
/usr/bin/cc   -DCHECK_FUNCTION_EXISTS=pthread_create    CMakeFiles/cmTryCompileExec3683872708.dir/CheckFunctionExists.c.o  -o cmTryCompileExec3683872708 -rdynamic -lpthreads 
/usr/bin/ld: cannot find -lpthreads
collect2: error: ld returned 1 exit status
make[1]: *** [cmTryCompileExec3683872708] Error 1
make[1]: Leaving directory `/home/cc/ee106a/fa17/class/ee106a-acn/ros_workspaces/Robo-Delivery/build/CMakeFiles/CMakeTmp'
make: *** [cmTryCompileExec3683872708/fast] Error 2


